Build started 12.12.2015 1:35:04.
     1>Project "C:\Users\Max\Desktop\lab4\lab4\lab4.vcxproj" on node 2 (Build target(s)).
     1>ClCompile:
         C:\Program Files (x86)\Microsoft Visual Studio 14.0\VC\bin\CL.exe /c /ZI /nologo /W3 /WX- /Od /Oy- /D WIN32 /D _DEBUG /D _CONSOLE /D _UNICODE /D UNICODE /Gm /EHsc /RTC1 /MDd /GS /fp:precise /Zc:wchar_t /Zc:forScope /Zc:inline /Fo"Debug\\" /Fd"Debug\vc140.pdb" /Gd /TC /analyze- /errorReport:prompt robot.c
         robot.c
     1>c:\users\max\desktop\lab4\lab4\robot.c(25): warning C4996: 'strcpy': This function or variable may be unsafe. Consider using strcpy_s instead. To disable deprecation, use _CRT_SECURE_NO_WARNINGS. See online help for details.
         c:\program files (x86)\windows kits\10\include\10.0.10150.0\ucrt\string.h(119): note: see declaration of 'strcpy'
     1>c:\users\max\desktop\lab4\lab4\robot.c(29): warning C4996: 'strcpy': This function or variable may be unsafe. Consider using strcpy_s instead. To disable deprecation, use _CRT_SECURE_NO_WARNINGS. See online help for details.
         c:\program files (x86)\windows kits\10\include\10.0.10150.0\ucrt\string.h(119): note: see declaration of 'strcpy'
     1>c:\users\max\desktop\lab4\lab4\robot.c(33): warning C4996: 'strcpy': This function or variable may be unsafe. Consider using strcpy_s instead. To disable deprecation, use _CRT_SECURE_NO_WARNINGS. See online help for details.
         c:\program files (x86)\windows kits\10\include\10.0.10150.0\ucrt\string.h(119): note: see declaration of 'strcpy'
     1>c:\users\max\desktop\lab4\lab4\robot.c(46): warning C4047: 'function': 'char *' differs in levels of indirection from 'int'
     1>c:\users\max\desktop\lab4\lab4\robot.c(46): warning C4024: 'gets_s': different types for formal and actual parameter 1
     1>c:\users\max\desktop\lab4\lab4\robot.c(48): warning C4047: 'function': 'char *' differs in levels of indirection from 'int'
     1>c:\users\max\desktop\lab4\lab4\robot.c(48): warning C4024: 'gets_s': different types for formal and actual parameter 1
     1>c:\users\max\desktop\lab4\lab4\robot.c(50): warning C4047: 'function': 'char *' differs in levels of indirection from 'int'
     1>c:\users\max\desktop\lab4\lab4\robot.c(50): warning C4024: 'gets_s': different types for formal and actual parameter 1
       Link:
         C:\Program Files (x86)\Microsoft Visual Studio 14.0\VC\bin\link.exe /ERRORREPORT:PROMPT /OUT:"C:\Users\Max\Desktop\lab4\Debug\lab4.exe" /INCREMENTAL /NOLOGO kernel32.lib user32.lib gdi32.lib winspool.lib comdlg32.lib advapi32.lib shell32.lib ole32.lib oleaut32.lib uuid.lib odbc32.lib odbccp32.lib /MANIFEST /MANIFESTUAC:"level='asInvoker' uiAccess='false'" /manifest:embed /Debug /PDB:"C:\Users\Max\Desktop\lab4\Debug\lab4.pdb" /SUBSYSTEM:CONSOLE /TLBID:1 /DYNAMICBASE /NXCOMPAT /IMPLIB:"C:\Users\Max\Desktop\lab4\Debug\lab4.lib" /MACHINE:X86 Debug\main.obj
         Debug\robot.obj
         lab4.vcxproj -> C:\Users\Max\Desktop\lab4\Debug\lab4.exe
     1>Done Building Project "C:\Users\Max\Desktop\lab4\lab4\lab4.vcxproj" (Build target(s)).

Build succeeded.

Time Elapsed 00:00:00.44
